2023-11-06T19:20:53.384-03:00  INFO 9060 --- [main] c.a.p.controllers.PaymentControllerTest  : Starting PaymentControllerTest using Java 17.0.9 with PID 9060 (started by 320202858 in C:\dev\payment-tracker-backend)
2023-11-06T19:20:53.389-03:00  INFO 9060 --- [main] c.a.p.controllers.PaymentControllerTest  : No active profile set, falling back to 1 default profile: "default"
2023-11-06T19:20:58.795-03:00  INFO 9060 --- [main] o.s.b.t.m.w.SpringBootMockServletContext : Initializing Spring TestDispatcherServlet ''
2023-11-06T19:20:58.796-03:00  INFO 9060 --- [main] o.s.t.web.servlet.TestDispatcherServlet  : Initializing Servlet ''
2023-11-06T19:20:58.799-03:00  INFO 9060 --- [main] o.s.t.web.servlet.TestDispatcherServlet  : Completed initialization in 3 ms
2023-11-06T19:20:58.846-03:00  INFO 9060 --- [main] c.a.p.controllers.PaymentControllerTest  : Started PaymentControllerTest in 6.353 seconds (process running for 7.831)
2023-11-06T19:20:59.420-03:00  WARN 9060 --- [main] .w.s.m.s.DefaultHandlerExceptionResolver : Resolved [org.springframework.web.bind.MethodArgumentNotValidException: Validation failed for argument [0] in public org.springframework.http.ResponseEntity<com.api.paymenttracke.models.Payment> com.api.paymenttracke.controllers.payment.PaymentController.createPayment(com.api.paymenttracke.models.Payment): [Field error in object 'payment' on field 'amount': rejected value [-50.0]; codes [Positive.payment.amount,Positive.amount,Positive.double,Positive]; arguments [org.springframework.context.support.DefaultMessageSourceResolvable: codes [payment.amount,amount]; arguments []; default message [amount]]; default message [must be greater than 0]] ]
2023-11-06T19:20:59.461-03:00  WARN 9060 --- [main] .w.s.m.s.DefaultHandlerExceptionResolver : Resolved [org.springframework.web.bind.MethodArgumentNotValidException: Validation failed for argument [1] in public org.springframework.http.ResponseEntity<com.api.paymenttracke.models.Payment> com.api.paymenttracke.controllers.payment.PaymentController.updatePayment(java.lang.Long,com.api.paymenttracke.models.Payment): [Field error in object 'payment' on field 'amount': rejected value [-50.0]; codes [Positive.payment.amount,Positive.amount,Positive.double,Positive]; arguments [org.springframework.context.support.DefaultMessageSourceResolvable: codes [payment.amount,amount]; arguments []; default message [amount]]; default message [must be greater than 0]] ]
2023-11-06T19:20:59.626-03:00  INFO 9060 --- [main] t.c.s.AnnotationConfigContextLoaderUtils : Could not detect default configuration classes for test class [com.api.paymenttracke.PaymentTrackerBackendApplicationTests]: PaymentTrackerBackendApplicationTests does not declare any static, non-private, non-final, nested classes annotated with @Configuration.
2023-11-06T19:20:59.644-03:00  INFO 9060 --- [main] .b.t.c.SpringBootTestContextBootstrapper : Found @SpringBootConfiguration com.api.paymenttracke.PaymentTrackerBackendApplication for test class com.api.paymenttracke.PaymentTrackerBackendApplicationTests
2023-11-06T19:20:59.660-03:00  INFO 9060 --- [main] o.s.b.d.r.RestartApplicationListener     : Restart disabled due to context in which it is running
2023-11-06T19:20:59.718-03:00  INFO 9060 --- [main] .p.PaymentTrackerBackendApplicationTests : Starting PaymentTrackerBackendApplicationTests using Java 17.0.9 with PID 9060 (started by 320202858 in C:\dev\payment-tracker-backend)
2023-11-06T19:20:59.725-03:00  INFO 9060 --- [main] .p.PaymentTrackerBackendApplicationTests : No active profile set, falling back to 1 default profile: "default"
2023-11-06T19:21:00.376-03:00  INFO 9060 --- [main] .s.d.r.c.RepositoryConfigurationDelegate : Bootstrapping Spring Data JPA repositories in DEFAULT mode.
2023-11-06T19:21:00.533-03:00  INFO 9060 --- [main] .s.d.r.c.RepositoryConfigurationDelegate : Finished Spring Data repository scanning in 135 ms. Found 4 JPA repository interfaces.
2023-11-06T19:21:01.090-03:00  INFO 9060 --- [main] com.zaxxer.hikari.HikariDataSource       : HikariPool-1 - Starting...
2023-11-06T19:21:01.491-03:00  INFO 9060 --- [main] com.zaxxer.hikari.pool.HikariPool        : HikariPool-1 - Added connection conn0: url=jdbc:h2:mem:testdb user=SA
2023-11-06T19:21:01.495-03:00  INFO 9060 --- [main] com.zaxxer.hikari.HikariDataSource       : HikariPool-1 - Start completed.
2023-11-06T19:21:01.584-03:00  INFO 9060 --- [main] o.hibernate.jpa.internal.util.LogHelper  : HHH000204: Processing PersistenceUnitInfo [name: default]
2023-11-06T19:21:01.741-03:00  INFO 9060 --- [main] org.hibernate.Version                    : HHH000412: Hibernate ORM core version 6.2.13.Final
2023-11-06T19:21:01.746-03:00  INFO 9060 --- [main] org.hibernate.cfg.Environment            : HHH000406: Using bytecode reflection optimizer
2023-11-06T19:21:02.023-03:00  INFO 9060 --- [main] o.s.o.j.p.SpringPersistenceUnitInfo      : No LoadTimeWeaver setup: ignoring JPA class transformer
2023-11-06T19:21:02.135-03:00  WARN 9060 --- [main] org.hibernate.orm.deprecation            : HHH90000025: H2Dialect does not need to be specified explicitly using 'hibernate.dialect' (remove the property setting and it will be selected by default)
2023-11-06T19:21:03.464-03:00  INFO 9060 --- [main] o.h.e.t.j.p.i.JtaPlatformInitiator       : HHH000489: No JTA platform available (set 'hibernate.transaction.jta.platform' to enable JTA platform integration)
2023-11-06T19:21:03.591-03:00  INFO 9060 --- [main] j.LocalContainerEntityManagerFactoryBean : Initialized JPA EntityManagerFactory for persistence unit 'default'
2023-11-06T19:21:04.024-03:00  INFO 9060 --- [main] o.s.d.j.r.query.QueryEnhancerFactory     : Hibernate is in classpath; If applicable, HQL parser will be used.
2023-11-06T19:21:05.541-03:00  WARN 9060 --- [main] JpaBaseConfiguration$JpaWebConfiguration : spring.jpa.open-in-view is enabled by default. Therefore, database queries may be performed during view rendering. Explicitly configure spring.jpa.open-in-view to disable this warning
2023-11-06T19:21:06.128-03:00  INFO 9060 --- [main] o.s.b.a.h2.H2ConsoleAutoConfiguration    : H2 console available at '/h2-console'. Database available at 'jdbc:h2:mem:testdb'
2023-11-06T19:21:06.491-03:00  INFO 9060 --- [main] .p.PaymentTrackerBackendApplicationTests : Started PaymentTrackerBackendApplicationTests in 6.831 seconds (process running for 15.476)
2023-11-06T19:21:07.572-03:00  INFO 9060 --- [SpringApplicationShutdownHook] j.LocalContainerEntityManagerFactoryBean : Closing JPA EntityManagerFactory for persistence unit 'default'
2023-11-06T19:21:07.612-03:00  INFO 9060 --- [SpringApplicationShutdownHook] com.zaxxer.hikari.HikariDataSource       : HikariPool-1 - Shutdown initiated...
2023-11-06T19:21:07.675-03:00  INFO 9060 --- [SpringApplicationShutdownHook] com.zaxxer.hikari.HikariDataSource       : HikariPool-1 - Shutdown completed.
