2023-11-06 19:20:53 [main] INFO  c.a.p.c.PaymentControllerTest - Starting PaymentControllerTest using Java 17.0.9 with PID 9060 (started by 320202858 in C:\dev\payment-tracker-backend)
2023-11-06 19:20:53 [main] INFO  c.a.p.c.PaymentControllerTest - No active profile set, falling back to 1 default profile: "default"
2023-11-06 19:20:58 [main] INFO  o.s.b.t.m.w.SpringBootMockServletContext - Initializing Spring TestDispatcherServlet ''
2023-11-06 19:20:58 [main] INFO  o.s.t.w.s.TestDispatcherServlet - Initializing Servlet ''
2023-11-06 19:20:58 [main] INFO  o.s.t.w.s.TestDispatcherServlet - Completed initialization in 3 ms
2023-11-06 19:20:58 [main] INFO  c.a.p.c.PaymentControllerTest - Started PaymentControllerTest in 6.353 seconds (process running for 7.831)
2023-11-06 19:20:59 [main] WARN  o.s.w.s.m.s.DefaultHandlerExceptionResolver - Resolved [org.springframework.web.bind.MethodArgumentNotValidException: Validation failed for argument [0] in public org.springframework.http.ResponseEntity<com.api.paymenttracke.models.Payment> com.api.paymenttracke.controllers.payment.PaymentController.createPayment(com.api.paymenttracke.models.Payment): [Field error in object 'payment' on field 'amount': rejected value [-50.0]; codes [Positive.payment.amount,Positive.amount,Positive.double,Positive]; arguments [org.springframework.context.support.DefaultMessageSourceResolvable: codes [payment.amount,amount]; arguments []; default message [amount]]; default message [must be greater than 0]] ]
2023-11-06 19:20:59 [main] WARN  o.s.w.s.m.s.DefaultHandlerExceptionResolver - Resolved [org.springframework.web.bind.MethodArgumentNotValidException: Validation failed for argument [1] in public org.springframework.http.ResponseEntity<com.api.paymenttracke.models.Payment> com.api.paymenttracke.controllers.payment.PaymentController.updatePayment(java.lang.Long,com.api.paymenttracke.models.Payment): [Field error in object 'payment' on field 'amount': rejected value [-50.0]; codes [Positive.payment.amount,Positive.amount,Positive.double,Positive]; arguments [org.springframework.context.support.DefaultMessageSourceResolvable: codes [payment.amount,amount]; arguments []; default message [amount]]; default message [must be greater than 0]] ]
2023-11-06 19:20:59 [main] INFO  o.s.t.c.s.AnnotationConfigContextLoaderUtils - Could not detect default configuration classes for test class [com.api.paymenttracke.PaymentTrackerBackendApplicationTests]: PaymentTrackerBackendApplicationTests does not declare any static, non-private, non-final, nested classes annotated with @Configuration.
2023-11-06 19:20:59 [main] INFO  o.s.b.t.c.SpringBootTestContextBootstrapper - Found @SpringBootConfiguration com.api.paymenttracke.PaymentTrackerBackendApplication for test class com.api.paymenttracke.PaymentTrackerBackendApplicationTests
2023-11-06 19:20:59 [main] INFO  o.s.b.d.r.RestartApplicationListener - Restart disabled due to context in which it is running
2023-11-06 19:20:59 [main] INFO  c.a.p.PaymentTrackerBackendApplicationTests - Starting PaymentTrackerBackendApplicationTests using Java 17.0.9 with PID 9060 (started by 320202858 in C:\dev\payment-tracker-backend)
2023-11-06 19:20:59 [main] INFO  c.a.p.PaymentTrackerBackendApplicationTests - No active profile set, falling back to 1 default profile: "default"
2023-11-06 19:21:00 [main] INFO  o.s.d.r.c.RepositoryConfigurationDelegate - Bootstrapping Spring Data JPA repositories in DEFAULT mode.
2023-11-06 19:21:00 [main] INFO  o.s.d.r.c.RepositoryConfigurationDelegate - Finished Spring Data repository scanning in 135 ms. Found 4 JPA repository interfaces.
2023-11-06 19:21:01 [main] INFO  com.zaxxer.hikari.HikariDataSource - HikariPool-1 - Starting...
2023-11-06 19:21:01 [main] INFO  com.zaxxer.hikari.pool.HikariPool - HikariPool-1 - Added connection conn0: url=jdbc:h2:mem:testdb user=SA
2023-11-06 19:21:01 [main] INFO  com.zaxxer.hikari.HikariDataSource - HikariPool-1 - Start completed.
2023-11-06 19:21:01 [main] INFO  o.h.jpa.internal.util.LogHelper - HHH000204: Processing PersistenceUnitInfo [name: default]
2023-11-06 19:21:01 [main] INFO  org.hibernate.Version - HHH000412: Hibernate ORM core version 6.2.13.Final
2023-11-06 19:21:01 [main] INFO  org.hibernate.cfg.Environment - HHH000406: Using bytecode reflection optimizer
2023-11-06 19:21:02 [main] INFO  o.s.o.j.p.SpringPersistenceUnitInfo - No LoadTimeWeaver setup: ignoring JPA class transformer
2023-11-06 19:21:02 [main] WARN  org.hibernate.orm.deprecation - HHH90000025: H2Dialect does not need to be specified explicitly using 'hibernate.dialect' (remove the property setting and it will be selected by default)
2023-11-06 19:21:03 [main] INFO  o.h.e.t.j.p.i.JtaPlatformInitiator - HHH000489: No JTA platform available (set 'hibernate.transaction.jta.platform' to enable JTA platform integration)
2023-11-06 19:21:03 [main] INFO  o.s.o.j.LocalContainerEntityManagerFactoryBean - Initialized JPA EntityManagerFactory for persistence unit 'default'
2023-11-06 19:21:04 [main] INFO  o.s.d.j.r.query.QueryEnhancerFactory - Hibernate is in classpath; If applicable, HQL parser will be used.
2023-11-06 19:21:05 [main] WARN  o.s.b.a.o.j.JpaBaseConfiguration$JpaWebConfiguration - spring.jpa.open-in-view is enabled by default. Therefore, database queries may be performed during view rendering. Explicitly configure spring.jpa.open-in-view to disable this warning
2023-11-06 19:21:06 [main] INFO  o.s.b.a.h.H2ConsoleAutoConfiguration - H2 console available at '/h2-console'. Database available at 'jdbc:h2:mem:testdb'
2023-11-06 19:21:06 [main] INFO  c.a.p.PaymentTrackerBackendApplicationTests - Started PaymentTrackerBackendApplicationTests in 6.831 seconds (process running for 15.476)
2023-11-06 19:21:07 [SpringApplicationShutdownHook] INFO  o.s.o.j.LocalContainerEntityManagerFactoryBean - Closing JPA EntityManagerFactory for persistence unit 'default'
2023-11-06 19:21:07 [SpringApplicationShutdownHook] INFO  com.zaxxer.hikari.HikariDataSource - HikariPool-1 - Shutdown initiated...
2023-11-06 19:21:07 [SpringApplicationShutdownHook] INFO  com.zaxxer.hikari.HikariDataSource - HikariPool-1 - Shutdown completed.
